<?xml version="1.0" encoding="UTF-8"?>
<!-- Generated by org.testng.reporters.JUnitReportReporter -->
<testsuite skipped="0" hostname="NTWGK4" name="TestActions.TestActions" tests="1" failures="0" timestamp="14 nov 2018 19:26:04 GMT" time="29.052" errors="0">
  <testcase name="testActions" time="29.052" classname="TestActions.TestActions"/>
</testsuite> <!-- TestActions.TestActions -->
