<?xml version="1.0" encoding="UTF-8"?>
<!-- Generated by org.testng.reporters.JUnitReportReporter -->
<testsuite skipped="0" hostname="NTWGK4" name="TestActionsKeyboard.TestActionsKeyboard" tests="1" failures="0" timestamp="14 nov 2018 19:30:16 GMT" time="23.072" errors="0">
  <testcase name="testActions" time="23.072" classname="TestActionsKeyboard.TestActionsKeyboard"/>
</testsuite> <!-- TestActionsKeyboard.TestActionsKeyboard -->
